[LOG] System::create                           : Header version = 1.10.04. Current version = 1.10.04.
[LOG] SystemI::setOutputInternal               : Setting output to 'FMOD WASAPI Output'
[LOG] Manager::init                            : maxchannels = 1024 studioflags = 00000009 flags 00000000 extradriverdata 0000000000000000.
[LOG] SystemI::init                            : Initialize version=11004 (93853), maxchannels=1024, flags=0x00030000
[LOG] OutputWASAPI::init                       : Mix Format (WAVEFORMATEX): wFormatTag=0xFFFE, nChannels=2, nSamplesPerSec=48000, nAvgBytesPerSec=384000, nBlockAlign=8, wBitsPerSample=32, cbSize=22.
[LOG] OutputWASAPI::init                       : Mix Format (WAVEFORMATEXTENSIBLE): wValidBitsPerSample=32, dwChannelMask=0x00000003, SubFormat=00000003-0000-0010-8000-00AA00389B71.
[LOG] OutputWASAPI::init                       : Output buffer size: 4096 samples, latency: 0.00ms, period: 10.00ms, DSP buffer: 1024 * 4
[LOG] Thread::initThread                       : Init FMOD stream thread. Priority: 2, Stack Size: 65536, Semaphore: No, Sleep Time: 10, Looping: Yes.
[LOG] SystemI::DSPCodecPoolRegister            : register codec pool for pool type 5
[LOG] Thread::initThread                       : Init FMOD mixer thread. Priority: 3, Stack Size: 49152, Semaphore: No, Sleep Time: 0, Looping: Yes.
[LOG] AsyncManager::init                       : manager 0000000060D3AA88 isAsync 1 updatePeriod 0.02
[LOG] Thread::initThread                       : Init FMOD Studio update thread. Priority: 0, Stack Size: 65536, Semaphore: No, Sleep Time: 1, Looping: No.
[LOG] AsyncManager::init                       : done
[LOG] PlaybackSystem::init                     : 
[LOG] Thread::initThread                       : Init FMOD Studio sample load thread. Priority: 0, Stack Size: 65536, Semaphore: No, Sleep Time: 1, Looping: No.
[LOG] PlaybackSystem::init                     : done
[LOG] LiveUpdate::init                         : 
[LOG] Thread::initThread                       : Init FMOD Studio bank load thread. Priority: 0, Stack Size: 65536, Semaphore: No, Sleep Time: 1, Looping: No.
[LOG] Manager::init                            : done.
[LOG] Profile::init                            : Profiler listening on port: 9264
[LOG] Manager::readBank                        : fileversion = 100, compatVersion = 99 (oldest = 44, newest = 100)
[LOG] Manager::readBank                        : fileversion = 100, compatVersion = 99 (oldest = 44, newest = 100)
[LOG] PlaybackSystem::acquireMasterBus         : Setting master channel group format to 6
[LOG] SystemI::createSound                     : filename = Assets\Rewild! FMOD Session\FMOD Session\Build\Desktop/Master Bank.bank : mode 02010082
[LOG] SystemI::createSound                     : FMOD_NONBLOCKING specified.  Putting into queue to be opened asynchronously!
[LOG] SystemI::createSound                     : setdata soundi = 0000000060566C78 : node = 00000000604E4950
[LOG] SystemI::createSound                     : add node to async list : head = 0000000032645618.  list count = 0
[LOG] AsyncThread::threadFunc                  : Starting Asynchronous operation on sound 0000000060566C78
[LOG] SystemI::createSoundInternal             :     Create name='Assets\Rewild! FMOD Session\FMOD Session\Build\Desktop/Master Bank.bank', mode=0x02010082
[LOG] SystemI::createSoundInternal             :     exinfo->cbsize             = 232
[LOG] SystemI::createSoundInternal             :     exinfo->length             = 2466752
[LOG] SystemI::createSound                     :     filename = Assets\Rewild! FMOD Session\FMOD Session\Build\Desktop/Master Bank.bank : mode 02010082
[LOG] SystemI::createSoundInternal             :     exinfo->fileoffset         = 21472
[LOG] SystemI::createSound                     :     FMOD_NONBLOCKING specified.  Putting into queue to be opened asynchronously!
[LOG] SystemI::createSoundInternal             :     exinfo->numsubsounds       = 1
[LOG] SystemI::createSound                     :     setdata soundi = 0000000060566768 : node = 00000000604E4AA0
[LOG] SystemI::createSoundInternal             :     exinfo->inclusionlist      = 00000000604E4A68
[LOG] SystemI::createSound                     :     add node to async list : head = 0000000032645618.  list count = 0
[LOG] SystemI::createSoundInternal             :     exinfo->inclusionlistnum   = 1
[LOG] SystemI::createSoundInternal             :     exinfo->suggestedsoundtype = 5
[LOG] SystemI::createSoundInternal             :     exinfo->initialseekpostype = 1
[LOG] SystemI::createSound                     :     filename = Assets\Rewild! FMOD Session\FMOD Session\Build\Desktop/Master Bank.bank : mode 02010082
[LOG] SystemI::createSound                     :     FMOD_NONBLOCKING specified.  Putting into queue to be opened asynchronously!
[LOG] SystemI::createSound                     :     setdata soundi = 0000000060D57F08 : node = 00000000604E4BF0
[LOG] SystemI::createSound                     :     add node to async list : head = 0000000032645618.  list count = 1
[LOG] SystemI::createSoundInternal             :     Create name='', mode=0x02000202
[LOG] SystemI::createSoundInternal             :     exinfo->cbsize             = 232
[LOG] SystemI::createSoundInternal             :     exinfo->length             = 2466752
[LOG] SystemI::createSoundInternal             :     exinfo->fileoffset         = 21472
[LOG] SystemI::createSoundInternal             :     exinfo->numsubsounds       = 1
[LOG] SystemI::createSoundInternal             :     exinfo->inclusionlist      = 000000007BF8F5FC
[LOG] SystemI::createSoundInternal             :     exinfo->inclusionlistnum   = 1
[LOG] SystemI::createSoundInternal             :     exinfo->suggestedsoundtype = 5
[LOG] SystemI::createSoundInternal             :     exinfo->useropen           = 00007FFF83FEE310
[LOG] SystemI::createSoundInternal             :     exinfo->userclose          = 00007FFF83FEE2E0
[LOG] SystemI::createSoundInternal             :     exinfo->userread           = 00007FFF83FEE3E0
[LOG] SystemI::createSoundInternal             :     exinfo->userseek           = 00007FFF83FEE490
[LOG] SystemI::createSoundInternal             :     exinfo->fileuserdata       = 0000000060C83F08
[LOG] SystemI::createSoundInternal             :     exinfo->initialseekpostype = 1
[LOG] SystemI::DSPCodecPoolRegister            :     register codec pool for pool type 5
[LOG] SystemI::createSoundInternal             :     Stream 0/1: name='Trees Rustling', format=2, channels=1, frequency=48000, lengthbytes=691968, lengthpcm=3889281, pcmblocksize=0, loopstart=0, loopend=0, mode=0x00000000, channelmask=0x00000000, channelorder=0, peakvolume=0.033440.
[LOG] SystemI::createSoundInternal             :     Sample 0/1: name='Bushes_1', format=2, channels=1, frequency=48000, lengthbytes=22624, lengthpcm=124928, pcmblocksize=0, loopstart=0, loopend=0, mode=0x00000000, channelmask=0x00000000, channelorder=0, peakvolume=0.019009.
[LOG] SystemI::createSoundInternal             :     Create name='', mode=0x02000202
[LOG] SystemI::createSoundInternal             :     exinfo->cbsize             = 232
[LOG] SystemI::createSoundInternal             :     exinfo->length             = 2466752
[LOG] SystemI::createSoundInternal             :     exinfo->fileoffset         = 21472
[LOG] SystemI::createSoundInternal             :     exinfo->numsubsounds       = 1
[LOG] SystemI::createSoundInternal             :     exinfo->inclusionlist      = 000000007BF8F5FC
[LOG] SystemI::createSoundInternal             :     exinfo->inclusionlistnum   = 1
[LOG] SystemI::createSoundInternal             :     exinfo->suggestedsoundtype = 5
[LOG] SystemI::createSoundInternal             :     exinfo->useropen           = 00007FFF83FEE310
[LOG] SystemI::createSoundInternal             :     exinfo->userclose          = 00007FFF83FEE2E0
[LOG] SystemI::createSoundInternal             :     exinfo->userread           = 00007FFF83FEE3E0
[LOG] SystemI::createSoundInternal             :     exinfo->userseek           = 00007FFF83FEE490
[LOG] SystemI::createSoundInternal             :     exinfo->fileuserdata       = 0000000060C83F08
[LOG] SystemI::createSoundInternal             :     exinfo->initialseekpostype = 1
[LOG] SystemI::DSPCodecPoolRegister            :     register codec pool for pool type 5
[LOG] SystemI::createSoundInternal             :     Sample 0/1: name='Bushes_2', format=2, channels=1, frequency=48000, lengthbytes=26624, lengthpcm=155648, pcmblocksize=0, loopstart=0, loopend=0, mode=0x00000000, channelmask=0x00000000, channelorder=0, peakvolume=0.012762.
[LOG] SystemI::createSoundInternal             :     Create name='', mode=0x02000202
[LOG] SystemI::createSoundInternal             :     exinfo->cbsize             = 232
[LOG] SystemI::createSoundInternal             :     exinfo->length             = 2466752
[LOG] SystemI::createSoundInternal             :     exinfo->fileoffset         = 21472
[LOG] SystemI::createSoundInternal             :     exinfo->numsubsounds       = 1
[LOG] SystemI::createSoundInternal             :     exinfo->inclusionlist      = 000000007BF8F5FC
[LOG] SystemI::createSoundInternal             :     exinfo->inclusionlistnum   = 1
[LOG] SystemI::createSoundInternal             :     exinfo->suggestedsoundtype = 5
[LOG] SystemI::createSoundInternal             :     exinfo->useropen           = 00007FFF83FEE310
[LOG] SystemI::createSoundInternal             :     exinfo->userclose          = 00007FFF83FEE2E0
[LOG] SystemI::createSoundInternal             :     exinfo->userread           = 00007FFF83FEE3E0
[LOG] SystemI::createSoundInternal             :     exinfo->userseek           = 00007FFF83FEE490
[LOG] SystemI::createSoundInternal             :     exinfo->fileuserdata       = 0000000060C83F08
[LOG] SystemI::createSoundInternal             :     exinfo->initialseekpostype = 1
[LOG] SystemI::DSPCodecPoolRegister            :     register codec pool for pool type 5
[LOG] SystemI::createSoundInternal             :     Sample 0/1: name='Bushes_4', format=2, channels=1, frequency=48000, lengthbytes=8352, lengthpcm=48128, pcmblocksize=0, loopstart=0, loopend=0, mode=0x00000000, channelmask=0x00000000, channelorder=0, peakvolume=0.009954.
[LOG] SystemI::createSoundInternal             :     Create name='', mode=0x02000202
[LOG] SystemI::createSoundInternal             :     exinfo->cbsize             = 232
[LOG] SystemI::createSoundInternal             :     exinfo->length             = 2466752
[LOG] SystemI::createSoundInternal             :     exinfo->fileoffset         = 21472
[LOG] SystemI::createSoundInternal             :     exinfo->numsubsounds       = 1
[LOG] SystemI::createSoundInternal             :     exinfo->inclusionlist      = 000000007BF8F5FC
[LOG] SystemI::createSoundInternal             :     exinfo->inclusionlistnum   = 1
[LOG] SystemI::createSoundInternal             :     exinfo->suggestedsoundtype = 5
[LOG] SystemI::createSoundInternal             :     exinfo->useropen           = 00007FFF83FEE310
[LOG] SystemI::createSoundInternal             :     exinfo->userclose          = 00007FFF83FEE2E0
[LOG] SystemI::createSoundInternal             :     exinfo->userread           = 00007FFF83FEE3E0
[LOG] SystemI::createSoundInternal             :     exinfo->userseek           = 00007FFF83FEE490
[LOG] SystemI::createSoundInternal             :     exinfo->fileuserdata       = 0000000060C83F08
[LOG] SystemI::createSoundInternal             :     exinfo->initialseekpostype = 1
[LOG] SystemI::DSPCodecPoolRegister            :     register codec pool for pool type 5
[LOG] AsyncThread::threadFunc                  : Finished Asynchronous operation on sound 0000000060566C78
[LOG] AsyncThread::threadFunc                  : Starting Asynchronous operation on sound 0000000060566768
[LOG] SystemI::createSoundInternal             : Sample 0/1: name='Fox Bark _2', format=2, channels=1, frequency=48000, lengthbytes=2912, lengthpcm=18016, pcmblocksize=0, loopstart=0, loopend=0, mode=0x00000000, channelmask=0x00000000, channelorder=0, peakvolume=0.452003.
[LOG] SystemI::createSoundInternal             :     Create name='Assets\Rewild! FMOD Session\FMOD Session\Build\Desktop/Master Bank.bank', mode=0x02010082
[LOG] SystemI::createSoundInternal             :     exinfo->cbsize             = 232
[LOG] SystemI::createSoundInternal             :     exinfo->length             = 2466752
[LOG] SystemI::createSoundInternal             :     Create name='', mode=0x02000202
[LOG] SystemI::createSoundInternal             :     exinfo->fileoffset         = 21472
[LOG] SystemI::createSoundInternal             :     exinfo->cbsize             = 232
[LOG] SystemI::createSoundInternal             :     exinfo->numsubsounds       = 1
[LOG] SystemI::createSoundInternal             :     exinfo->length             = 2466752
[LOG] SystemI::createSoundInternal             :     exinfo->inclusionlist      = 00000000604E4BB8
[LOG] SystemI::createSoundInternal             :     exinfo->fileoffset         = 21472
[LOG] SystemI::createSoundInternal             :     exinfo->inclusionlistnum   = 1
[LOG] SystemI::createSoundInternal             :     exinfo->numsubsounds       = 1
[LOG] SystemI::createSoundInternal             :     exinfo->suggestedsoundtype = 5
[LOG] SystemI::createSoundInternal             :     exinfo->inclusionlist      = 000000007BF8F5FC
[LOG] SystemI::createSoundInternal             :     exinfo->initialseekpostype = 1
[LOG] SystemI::createSoundInternal             :     exinfo->inclusionlistnum   = 1
[LOG] SystemI::createSoundInternal             :     exinfo->suggestedsoundtype = 5
[LOG] SystemI::createSoundInternal             :     exinfo->useropen           = 00007FFF83FEE310
[LOG] SystemI::createSoundInternal             :     exinfo->userclose          = 00007FFF83FEE2E0
[LOG] SystemI::createSoundInternal             :     exinfo->userread           = 00007FFF83FEE3E0
[LOG] SystemI::createSoundInternal             :     exinfo->userseek           = 00007FFF83FEE490
[LOG] SystemI::createSoundInternal             :     exinfo->fileuserdata       = 0000000060C83F08
[LOG] SystemI::createSoundInternal             :     exinfo->initialseekpostype = 1
[LOG] SystemI::DSPCodecPoolRegister            :     register codec pool for pool type 5
[LOG] SystemI::createSoundInternal             :     Sample 0/1: name='Bushes', format=2, channels=1, frequency=48000, lengthbytes=26624, lengthpcm=143360, pcmblocksize=0, loopstart=0, loopend=0, mode=0x00000000, channelmask=0x00000000, channelorder=0, peakvolume=0.015783.
[LOG] SystemI::createSoundInternal             :     Create name='', mode=0x02000202
[LOG] SystemI::createSoundInternal             :     Stream 0/1: name='Wind Ambience', format=2, channels=2, frequency=48000, lengthbytes=324096, lengthpcm=1897952, pcmblocksize=0, loopstart=0, loopend=0, mode=0x00000000, channelmask=0x00000000, channelorder=0, peakvolume=0.656799.
[LOG] SystemI::createSoundInternal             :     exinfo->cbsize             = 232
[LOG] SystemI::createSoundInternal             :     exinfo->length             = 2466752
[LOG] SystemI::createSoundInternal             :     exinfo->fileoffset         = 21472
[LOG] SystemI::createSoundInternal             :     exinfo->numsubsounds       = 1
[LOG] SystemI::createSoundInternal             :     exinfo->inclusionlist      = 000000007BF8F5FC
[LOG] SystemI::createSoundInternal             :     exinfo->inclusionlistnum   = 1
[LOG] SystemI::createSoundInternal             :     exinfo->suggestedsoundtype = 5
[LOG] SystemI::createSoundInternal             :     exinfo->useropen           = 00007FFF83FEE310
[LOG] SystemI::createSoundInternal             :     exinfo->userclose          = 00007FFF83FEE2E0
[LOG] SystemI::createSoundInternal             :     exinfo->userread           = 00007FFF83FEE3E0
[LOG] SystemI::createSoundInternal             :     exinfo->userseek           = 00007FFF83FEE490
[LOG] SystemI::createSoundInternal             :     exinfo->fileuserdata       = 0000000060C83F08
[LOG] SystemI::createSoundInternal             :     exinfo->initialseekpostype = 1
[LOG] SystemI::DSPCodecPoolRegister            :     register codec pool for pool type 5
[LOG] SystemI::createSoundInternal             :     Sample 0/1: name='Bushes_6', format=2, channels=1, frequency=48000, lengthbytes=15104, lengthpcm=87040, pcmblocksize=0, loopstart=0, loopend=0, mode=0x00000000, channelmask=0x00000000, channelorder=0, peakvolume=0.013022.
[LOG] SystemI::createSoundInternal             :     Create name='', mode=0x02000202
[LOG] SystemI::createSoundInternal             :     exinfo->cbsize             = 232
[LOG] SystemI::createSoundInternal             :     exinfo->length             = 2466752
[LOG] SystemI::createSoundInternal             :     exinfo->fileoffset         = 21472
[LOG] SystemI::createSoundInternal             :     exinfo->numsubsounds       = 1
[LOG] SystemI::createSoundInternal             :     exinfo->inclusionlist      = 000000007BF8F5FC
[LOG] SystemI::createSoundInternal             :     exinfo->inclusionlistnum   = 1
[LOG] SystemI::createSoundInternal             :     exinfo->suggestedsoundtype = 5
[LOG] SystemI::createSoundInternal             :     exinfo->useropen           = 00007FFF83FEE310
[LOG] SystemI::createSoundInternal             :     exinfo->userclose          = 00007FFF83FEE2E0
[LOG] SystemI::createSoundInternal             :     exinfo->userread           = 00007FFF83FEE3E0
[LOG] SystemI::createSoundInternal             :     exinfo->userseek           = 00007FFF83FEE490
[LOG] SystemI::createSoundInternal             :     exinfo->fileuserdata       = 0000000060C83F08
[LOG] SystemI::createSoundInternal             :     exinfo->initialseekpostype = 1
[LOG] SystemI::DSPCodecPoolRegister            :     register codec pool for pool type 5
[LOG] SystemI::createSoundInternal             :     Sample 0/1: name='Bushes_5', format=2, channels=1, frequency=48000, lengthbytes=16576, lengthpcm=92160, pcmblocksize=0, loopstart=0, loopend=0, mode=0x00000000, channelmask=0x00000000, channelorder=0, peakvolume=0.013203.
[LOG] SystemI::createSoundInternal             :     Create name='', mode=0x02000202
[LOG] SystemI::createSoundInternal             :     exinfo->cbsize             = 232
[LOG] SystemI::createSoundInternal             :     exinfo->length             = 2466752
[LOG] SystemI::createSoundInternal             :     exinfo->fileoffset         = 21472
[LOG] SystemI::createSoundInternal             :     exinfo->numsubsounds       = 1
[LOG] SystemI::createSoundInternal             :     exinfo->inclusionlist      = 000000007BF8F5FC
[LOG] SystemI::createSoundInternal             :     exinfo->inclusionlistnum   = 1
[LOG] SystemI::createSoundInternal             :     exinfo->suggestedsoundtype = 5
[LOG] SystemI::createSoundInternal             :     exinfo->useropen           = 00007FFF83FEE310
[LOG] SystemI::createSoundInternal             :     exinfo->userclose          = 00007FFF83FEE2E0
[LOG] SystemI::createSoundInternal             :     exinfo->userread           = 00007FFF83FEE3E0
[LOG] SystemI::createSoundInternal             :     exinfo->userseek           = 00007FFF83FEE490
[LOG] SystemI::createSoundInternal             :     exinfo->fileuserdata       = 0000000060C83F08
[LOG] SystemI::createSoundInternal             :     exinfo->initialseekpostype = 1
[LOG] SystemI::DSPCodecPoolRegister            :     register codec pool for pool type 5
[LOG] SystemI::createSoundInternal             :     Sample 0/1: name='Bushes_7', format=2, channels=1, frequency=48000, lengthbytes=6688, lengthpcm=36864, pcmblocksize=0, loopstart=0, loopend=0, mode=0x00000000, channelmask=0x00000000, channelorder=0, peakvolume=0.009067.
[LOG] SystemI::createSoundInternal             :     Create name='', mode=0x02000202
[LOG] SystemI::createSoundInternal             :     exinfo->cbsize             = 232
[LOG] SystemI::createSoundInternal             :     exinfo->length             = 2466752
[LOG] SystemI::createSoundInternal             :     exinfo->fileoffset         = 21472
[LOG] SystemI::createSoundInternal             :     exinfo->numsubsounds       = 1
[LOG] SystemI::createSoundInternal             :     exinfo->inclusionlist      = 000000007BF8F5FC
[LOG] SystemI::createSoundInternal             :     exinfo->inclusionlistnum   = 1
[LOG] SystemI::createSoundInternal             :     exinfo->suggestedsoundtype = 5
[LOG] SystemI::createSoundInternal             :     exinfo->useropen           = 00007FFF83FEE310
[LOG] SystemI::createSoundInternal             :     exinfo->userclose          = 00007FFF83FEE2E0
[LOG] SystemI::createSoundInternal             :     exinfo->userread           = 00007FFF83FEE3E0
[LOG] SystemI::createSoundInternal             :     exinfo->userseek           = 00007FFF83FEE490
[LOG] SystemI::createSoundInternal             :     exinfo->fileuserdata       = 0000000060C83F08
[LOG] SystemI::createSoundInternal             :     exinfo->initialseekpostype = 1
[LOG] SystemI::DSPCodecPoolRegister            :     register codec pool for pool type 5
[LOG] SystemI::createSoundInternal             :     Sample 0/1: name='Fox Bark _1', format=2, channels=1, frequency=48000, lengthbytes=2880, lengthpcm=15360, pcmblocksize=0, loopstart=0, loopend=0, mode=0x00000000, channelmask=0x00000000, channelorder=0, peakvolume=0.617217.
[LOG] SystemI::createSoundInternal             :     Create name='', mode=0x02000202
[LOG] SystemI::createSoundInternal             :     exinfo->cbsize             = 232
[LOG] SystemI::createSoundInternal             :     exinfo->length             = 2466752
[LOG] SystemI::createSoundInternal             :     exinfo->fileoffset         = 21472
[LOG] SystemI::createSoundInternal             : exinfo->numsubsounds       = 1
[LOG] AsyncThread::threadFunc                  : Finished Asynchronous operation on sound 0000000060566768
[LOG] SystemI::createSoundInternal             : exinfo->inclusionlist      = 000000007BF8F5FC
[LOG] AsyncThread::threadFunc                  : Starting Asynchronous operation on sound 0000000060D57F08
[LOG] SystemI::createSoundInternal             : exinfo->inclusionlistnum   = 1
[LOG] SystemI::createSoundInternal             :     Create name='Assets\Rewild! FMOD Session\FMOD Session\Build\Desktop/Master Bank.bank', mode=0x02010082
[LOG] SystemI::createSoundInternal             :     exinfo->suggestedsoundtype = 5
[LOG] SystemI::createSoundInternal             :     exinfo->cbsize             = 232
[LOG] SystemI::createSoundInternal             :     exinfo->useropen           = 00007FFF83FEE310
[LOG] SystemI::createSoundInternal             :     exinfo->length             = 2466752
[LOG] SystemI::createSoundInternal             :     exinfo->userclose          = 00007FFF83FEE2E0
[LOG] SystemI::createSoundInternal             :     exinfo->fileoffset         = 21472
[LOG] SystemI::createSoundInternal             :     exinfo->userread           = 00007FFF83FEE3E0
[LOG] SystemI::createSoundInternal             :     exinfo->numsubsounds       = 1
[LOG] SystemI::createSoundInternal             :     exinfo->userseek           = 00007FFF83FEE490
[LOG] SystemI::createSoundInternal             :     exinfo->inclusionlist      = 00000000604E4D08
[LOG] SystemI::createSoundInternal             :     exinfo->fileuserdata       = 0000000060C83F08
[LOG] SystemI::createSoundInternal             :     exinfo->inclusionlistnum   = 1
[LOG] SystemI::createSoundInternal             :     exinfo->initialseekpostype = 1
[LOG] SystemI::createSoundInternal             :     exinfo->suggestedsoundtype = 5
[LOG] SystemI::createSoundInternal             :     exinfo->initialseekpostype = 1
[LOG] SystemI::DSPCodecPoolRegister            :     register codec pool for pool type 5
[LOG] SystemI::createSoundInternal             :     Sample 0/1: name='Bushes_3', format=2, channels=1, frequency=48000, lengthbytes=10976, lengthpcm=60416, pcmblocksize=0, loopstart=0, loopend=0, mode=0x00000000, channelmask=0x00000000, channelorder=0, peakvolume=0.016981.
[LOG] SystemI::createSoundInternal             :     Stream 0/1: name='Mollie music', format=2, channels=2, frequency=48000, lengthbytes=1308896, lengthpcm=4567875, pcmblocksize=0, loopstart=0, loopend=0, mode=0x00000000, channelmask=0x00000000, channelorder=0, peakvolume=0.523956.
[LOG] AsyncThread::threadFunc                  : Finished Asynchronous operation on sound 0000000060D57F08
[LOG] SoundI::getSubSound                      : sound 0000000060566C78.  Subsound index 0 / 1
[LOG] SoundI::getSubSound                      : sound 0000000060566768.  Subsound index 0 / 1
[LOG] SoundI::getSubSound                      : sound 0000000060D57F08.  Subsound index 0 / 1
