[LOG] System::create                           : Header version = 1.10.04. Current version = 1.10.04.
[LOG] Manager::init                            : maxchannels = 256 studioflags = 00000006 flags 00000000 extradriverdata 0000000000000000.
[LOG] SystemI::init                            : Initialize version=11004 (93853), maxchannels=256, flags=0x00020000
[LOG] SystemI::setOutputInternal               : Setting output to 'FMOD WASAPI Output'
[LOG] OutputWASAPI::init                       : Mix Format (WAVEFORMATEX): wFormatTag=0xFFFE, nChannels=2, nSamplesPerSec=48000, nAvgBytesPerSec=384000, nBlockAlign=8, wBitsPerSample=32, cbSize=22.
[LOG] OutputWASAPI::init                       : Mix Format (WAVEFORMATEXTENSIBLE): wValidBitsPerSample=32, dwChannelMask=0x00000003, SubFormat=00000003-0000-0010-8000-00AA00389B71.
[LOG] OutputWASAPI::init                       : Output buffer size: 4096 samples, latency: 0.00ms, period: 10.00ms, DSP buffer: 1024 * 4
[LOG] Thread::initThread                       : Init FMOD stream thread. Priority: 2, Stack Size: 65536, Semaphore: No, Sleep Time: 10, Looping: Yes.
[LOG] Thread::initThread                       : Init FMOD mixer thread. Priority: 3, Stack Size: 49152, Semaphore: No, Sleep Time: 0, Looping: Yes.
[LOG] AsyncManager::init                       : manager 00000000608CF168 isAsync 0 updatePeriod 0.02
[LOG] AsyncManager::init                       : done
[LOG] PlaybackSystem::init                     : 
[LOG] Thread::initThread                       : Init FMOD Studio sample load thread. Priority: 0, Stack Size: 65536, Semaphore: No, Sleep Time: 1, Looping: No.
[LOG] PlaybackSystem::init                     : done
[LOG] Thread::initThread                       : Init FMOD Studio bank load thread. Priority: 0, Stack Size: 65536, Semaphore: No, Sleep Time: 1, Looping: No.
[LOG] Manager::init                            : done.
[LOG] Manager::readBank                        : fileversion = 100, compatVersion = 99 (oldest = 44, newest = 100)
[WRN] MultiInstrumentStrategy::setEndTime      : Too long between System updates, looping playback errors detected.
[LOG] Manager::readBank                        : fileversion = 100, compatVersion = 99 (oldest = 44, newest = 100)
[WRN] MultiInstrumentStrategy::setEndTime      : Too long between System updates, looping playback errors detected.
[LOG] Manager::readBank                        : fileversion = 100, compatVersion = 99 (oldest = 44, newest = 100)
[WRN] MultiInstrumentStrategy::setEndTime      : Too long between System updates, looping playback errors detected.
[WRN] MultiInstrumentStrategy::setEndTime      : Too long between System updates, looping playback errors detected.
[LOG] Manager::readBank                        : fileversion = 100, compatVersion = 99 (oldest = 44, newest = 100)
[WRN] MultiInstrumentStrategy::setEndTime      : Too long between System updates, looping playback errors detected.
[LOG] Manager::readBank                        : fileversion = 100, compatVersion = 99 (oldest = 44, newest = 100)
[WRN] MultiInstrumentStrategy::setEndTime      : Too long between System updates, looping playback errors detected.
[WRN] MultiInstrumentStrategy::setEndTime      : Too long between System updates, looping playback errors detected.
[LOG] Manager::readBank                        : fileversion = 100, compatVersion = 99 (oldest = 44, newest = 100)
[WRN] MultiInstrumentStrategy::setEndTime      : Too long between System updates, looping playback errors detected.
[LOG] Manager::readBank                        : fileversion = 100, compatVersion = 99 (oldest = 44, newest = 100)
[WRN] MultiInstrumentStrategy::setEndTime      : Too long between System updates, looping playback errors detected.
[LOG] Manager::readBank                        : fileversion = 100, compatVersion = 99 (oldest = 44, newest = 100)
[WRN] MultiInstrumentStrategy::setEndTime      : Too long between System updates, looping playback errors detected.
[LOG] SystemI::createSound                     : filename = Assets\Rewild! FMOD Session\FMOD Session\Build\Desktop/Master Bank.bank : mode 02010082
[LOG] SystemI::createSound                     : FMOD_NONBLOCKING specified.  Putting into queue to be opened asynchronously!
[LOG] SystemI::createSound                     : setdata soundi = 0000000060D579F8 : node = 00000000604E4D40
[LOG] SystemI::createSound                     : add node to async list : head = 0000000032645618.  list count = 0
[LOG] AsyncThread::threadFunc                  : Starting Asynchronous operation on sound 0000000060D579F8
[LOG] SystemI::createSoundInternal             :     Create name='Assets\Rewild! FMOD Session\FMOD Session\Build\Desktop/Master Bank.bank', mode=0x02010082
[LOG] SystemI::createSoundInternal             :     exinfo->cbsize             = 232
[LOG] SystemI::createSoundInternal             :     exinfo->length             = 2466752
[LOG] SystemI::createSoundInternal             :     exinfo->fileoffset         = 21472
[LOG] SystemI::createSoundInternal             :     exinfo->numsubsounds       = 1
[LOG] SystemI::createSoundInternal             :     exinfo->inclusionlist      = 00000000604E4E58
[LOG] SystemI::createSoundInternal             :     exinfo->inclusionlistnum   = 1
[LOG] SystemI::createSoundInternal             :     exinfo->suggestedsoundtype = 5
[LOG] SystemI::createSoundInternal             :     exinfo->initialseekpostype = 1
[LOG] SystemI::createSoundInternal             :     Stream 0/1: name='Wind Ambience', format=2, channels=2, frequency=48000, lengthbytes=324096, lengthpcm=1897952, pcmblocksize=0, loopstart=0, loopend=0, mode=0x00000000, channelmask=0x00000000, channelorder=0, peakvolume=0.656799.
[LOG] AsyncThread::threadFunc                  : Finished Asynchronous operation on sound 0000000060D579F8
[LOG] SoundI::getSubSound                      : sound 0000000060D579F8.  Subsound index 0 / 1
[LOG] SoundI::release                          : Wind Ambience (0000000060566768)
[LOG] SoundI::release                          :     Wind Ambience (0000000060C0FAC8)
[LOG] SoundI::release                          :     Wind Ambience (00000000604B63D8)
[LOG] Manager::readBank                        : fileversion = 100, compatVersion = 99 (oldest = 44, newest = 100)
[WRN] MultiInstrumentStrategy::setEndTime      : Too long between System updates, looping playback errors detected.
[WRN] MultiInstrumentStrategy::setEndTime      : Too long between System updates, looping playback errors detected.
[LOG] Manager::readBank                        : fileversion = 100, compatVersion = 99 (oldest = 44, newest = 100)
[WRN] MultiInstrumentStrategy::setEndTime      : Too long between System updates, looping playback errors detected.
[WRN] MultiInstrumentStrategy::setEndTime      : Too long between System updates, looping playback errors detected.
[LOG] Manager::readBank                        : fileversion = 100, compatVersion = 99 (oldest = 44, newest = 100)
[WRN] MultiInstrumentStrategy::setEndTime      : Too long between System updates, looping playback errors detected.
[LOG] Manager::readBank                        : fileversion = 100, compatVersion = 99 (oldest = 44, newest = 100)
[WRN] MultiInstrumentStrategy::setEndTime      : Too long between System updates, looping playback errors detected.
[LOG] Manager::readBank                        : fileversion = 100, compatVersion = 99 (oldest = 44, newest = 100)
[WRN] MultiInstrumentStrategy::setEndTime      : Too long between System updates, looping playback errors detected.
[LOG] Manager::readBank                        : fileversion = 100, compatVersion = 99 (oldest = 44, newest = 100)
[WRN] MultiInstrumentStrategy::setEndTime      : Too long between System updates, looping playback errors detected.
[WRN] MultiInstrumentStrategy::setEndTime      : Too long between System updates, looping playback errors detected.
[LOG] Manager::readBank                        : fileversion = 100, compatVersion = 99 (oldest = 44, newest = 100)
[WRN] MultiInstrumentStrategy::setEndTime      : Too long between System updates, looping playback errors detected.
[WRN] MultiInstrumentStrategy::setEndTime      : Too long between System updates, looping playback errors detected.
[LOG] Manager::readBank                        : fileversion = 100, compatVersion = 99 (oldest = 44, newest = 100)
[LOG] SystemI::createSound                     : filename = Assets\Rewild! FMOD Session\FMOD Session\Build\Desktop/Master Bank.bank : mode 02010082
[LOG] SystemI::createSound                     : FMOD_NONBLOCKING specified.  Putting into queue to be opened asynchronously!
[LOG] SystemI::createSound                     : setdata soundi = 00000000604B63D8 : node = 00000000604E4FE0
[LOG] SystemI::createSound                     : add node to async list : head = 0000000032645618.  list count = 0
[LOG] AsyncThread::threadFunc                  : Starting Asynchronous operation on sound 00000000604B63D8
[LOG] SystemI::createSoundInternal             :     Create name='Assets\Rewild! FMOD Session\FMOD Session\Build\Desktop/Master Bank.bank', mode=0x02010082
[LOG] SystemI::createSoundInternal             :     exinfo->cbsize             = 232
[LOG] SystemI::createSoundInternal             :     exinfo->length             = 2466752
[LOG] SystemI::createSoundInternal             :     exinfo->fileoffset         = 21472
[LOG] SystemI::createSoundInternal             :     exinfo->numsubsounds       = 1
[LOG] SystemI::createSoundInternal             :     exinfo->inclusionlist      = 00000000604E50F8
[LOG] SystemI::createSoundInternal             :     exinfo->inclusionlistnum   = 1
[LOG] SystemI::createSoundInternal             :     exinfo->suggestedsoundtype = 5
[LOG] SystemI::createSoundInternal             :     exinfo->initialseekpostype = 1
[LOG] SystemI::createSoundInternal             :     Stream 0/1: name='Wind Ambience', format=2, channels=2, frequency=48000, lengthbytes=324096, lengthpcm=1897952, pcmblocksize=0, loopstart=0, loopend=0, mode=0x00000000, channelmask=0x00000000, channelorder=0, peakvolume=0.656799.
[LOG] AsyncThread::threadFunc                  : Finished Asynchronous operation on sound 00000000604B63D8
[LOG] SoundI::getSubSound                      : sound 00000000604B63D8.  Subsound index 0 / 1
[LOG] SoundI::release                          : Wind Ambience (0000000060D579F8)
[LOG] SoundI::release                          :     Wind Ambience (00000000140AB4C8)
[LOG] SoundI::release                          :     Wind Ambience (0000000060D810E8)
[LOG] SystemI::createSound                     : filename = Assets\Rewild! FMOD Session\FMOD Session\Build\Desktop/Master Bank.bank : mode 02010082
[LOG] SystemI::createSound                     : FMOD_NONBLOCKING specified.  Putting into queue to be opened asynchronously!
[LOG] SystemI::createSound                     : setdata soundi = 00000000328CAB58 : node = 00000000604E5D00
[LOG] SystemI::createSound                     : add node to async list : head = 0000000032645618.  list count = 0
[LOG] AsyncThread::threadFunc                  : Starting Asynchronous operation on sound 00000000328CAB58
[LOG] SystemI::createSoundInternal             :     Create name='Assets\Rewild! FMOD Session\FMOD Session\Build\Desktop/Master Bank.bank', mode=0x02010082
[LOG] SystemI::createSoundInternal             :     exinfo->cbsize             = 232
[LOG] SystemI::createSoundInternal             :     exinfo->length             = 2466752
[LOG] SystemI::createSoundInternal             :     exinfo->fileoffset         = 21472
[LOG] SystemI::createSoundInternal             :     exinfo->numsubsounds       = 1
[LOG] SystemI::createSoundInternal             :     exinfo->inclusionlist      = 00000000604E5E18
[LOG] SystemI::createSoundInternal             :     exinfo->inclusionlistnum   = 1
[LOG] SystemI::createSoundInternal             :     exinfo->suggestedsoundtype = 5
[LOG] SystemI::createSoundInternal             :     exinfo->initialseekpostype = 1
[LOG] SystemI::createSoundInternal             :     Stream 0/1: name='Trees Rustling', format=2, channels=1, frequency=48000, lengthbytes=691968, lengthpcm=3889281, pcmblocksize=0, loopstart=0, loopend=0, mode=0x00000000, channelmask=0x00000000, channelorder=0, peakvolume=0.033440.
[LOG] AsyncThread::threadFunc                  : Finished Asynchronous operation on sound 00000000328CAB58
[LOG] SoundI::getSubSound                      : sound 00000000328CAB58.  Subsound index 0 / 1
[WRN] MultiInstrumentStrategy::setEndTime      : Too long between System updates, looping playback errors detected.
[LOG] SoundI::release                          : Trees Rustling (0000000060566C78)
[LOG] SoundI::release                          :     Trees Rustling (0000000060C0F448)
[LOG] SoundI::release                          :     Trees Rustling (00000000604B6588)
[LOG] Manager::readBank                        : fileversion = 100, compatVersion = 99 (oldest = 44, newest = 100)
[WRN] MultiInstrumentStrategy::setEndTime      : Too long between System updates, looping playback errors detected.
[LOG] Manager::readBank                        : fileversion = 100, compatVersion = 99 (oldest = 44, newest = 100)
[WRN] MultiInstrumentStrategy::setEndTime      : Too long between System updates, looping playback errors detected.
[LOG] Manager::readBank                        : fileversion = 100, compatVersion = 99 (oldest = 44, newest = 100)
[WRN] MultiInstrumentStrategy::setEndTime      : Too long between System updates, looping playback errors detected.
[LOG] SystemI::createSound                     : filename = Assets\Rewild! FMOD Session\FMOD Session\Build\Desktop/Master Bank.bank : mode 02010082
[LOG] SystemI::createSound                     : FMOD_NONBLOCKING specified.  Putting into queue to be opened asynchronously!
[LOG] SystemI::createSound                     : setdata soundi = 0000000060566C78 : node = 00000000604E4AA0
[LOG] SystemI::createSound                     : add node to async list : head = 0000000032645618.  list count = 0
[LOG] AsyncThread::threadFunc                  : Starting Asynchronous operation on sound 0000000060566C78
[LOG] SystemI::createSoundInternal             :     Create name='Assets\Rewild! FMOD Session\FMOD Session\Build\Desktop/Master Bank.bank', mode=0x02010082
[LOG] SystemI::createSoundInternal             :     exinfo->cbsize             = 232
[LOG] SystemI::createSoundInternal             :     exinfo->length             = 2466752
[LOG] SystemI::createSoundInternal             :     exinfo->fileoffset         = 21472
[LOG] SystemI::createSoundInternal             :     exinfo->numsubsounds       = 1
[LOG] SystemI::createSoundInternal             :     exinfo->inclusionlist      = 00000000604E4BB8
[LOG] SystemI::createSoundInternal             :     exinfo->inclusionlistnum   = 1
[LOG] SystemI::createSoundInternal             :     exinfo->suggestedsoundtype = 5
[LOG] SystemI::createSoundInternal             :     exinfo->initialseekpostype = 1
[LOG] SystemI::createSoundInternal             :     Stream 0/1: name='Mollie music', format=2, channels=2, frequency=48000, lengthbytes=1308896, lengthpcm=4567875, pcmblocksize=0, loopstart=0, loopend=0, mode=0x00000000, channelmask=0x00000000, channelorder=0, peakvolume=0.523956.
[LOG] AsyncThread::threadFunc                  : Finished Asynchronous operation on sound 0000000060566C78
[LOG] SoundI::getSubSound                      : sound 0000000060566C78.  Subsound index 0 / 1
[LOG] SoundI::release                          : Mollie music (0000000060D57F08)
[LOG] SoundI::release                          :     Mollie music (0000000060C91F68)
[LOG] SoundI::release                          :     Mollie music (00000000604B6738)
[WRN] MultiInstrumentStrategy::setEndTime      : Too long between System updates, looping playback errors detected.
[LOG] Manager::readBank                        : fileversion = 100, compatVersion = 99 (oldest = 44, newest = 100)
[WRN] MultiInstrumentStrategy::setEndTime      : Too long between System updates, looping playback errors detected.
[LOG] Manager::readBank                        : fileversion = 100, compatVersion = 99 (oldest = 44, newest = 100)
[WRN] MultiInstrumentStrategy::setEndTime      : Too long between System updates, looping playback errors detected.
[WRN] MultiInstrumentStrategy::setEndTime      : Too long between System updates, looping playback errors detected.
[LOG] Manager::readBank                        : fileversion = 100, compatVersion = 99 (oldest = 44, newest = 100)
[WRN] MultiInstrumentStrategy::setEndTime      : Too long between System updates, looping playback errors detected.
[LOG] SoundI::release                          : Mollie music (0000000060566C78)
[LOG] SoundI::release                          :     Mollie music (00000000140ABCE8)
[LOG] SoundI::release                          :     Mollie music (0000000060566918)
[LOG] SoundI::release                          : Wind Ambience (00000000604B63D8)
[LOG] SoundI::release                          :     Wind Ambience (00000000140AB668)
[LOG] SoundI::release                          :     Wind Ambience (0000000060566AC8)
[LOG] SoundI::release                          : Trees Rustling (00000000328CAB58)
[LOG] SoundI::release                          :     Trees Rustling (00000000140ABB48)
[LOG] SoundI::release                          :     Trees Rustling (0000000060566768)
[LOG] SoundI::release                          :  (00000000604D7BB8)
[LOG] SoundI::release                          :     Fox Bark _1 (0000000060C91DC8)
[LOG] SoundI::release                          :  (00000000604D8738)
[LOG] SoundI::release                          :     Fox Bark _2 (0000000060C0FFA8)
[LOG] SoundI::release                          :  (00000000604D78D8)
[LOG] SoundI::release                          :     Bushes (0000000060C0E8E8)
[LOG] SoundI::release                          :  (00000000604D7E98)
[LOG] SoundI::release                          :     Bushes_1 (0000000060C0F5E8)
[LOG] SoundI::release                          :  (00000000604D85C8)
[LOG] SoundI::release                          :     Bushes_4 (0000000060C0FC68)
[LOG] SoundI::release                          :  (00000000604D8E68)
[LOG] SoundI::release                          :     Bushes_5 (0000000060C915A8)
[LOG] SoundI::release                          :  (00000000604D8178)
[LOG] SoundI::release                          :     Bushes_6 (0000000060C10628)
[LOG] SoundI::release                          :  (00000000604D88A8)
[LOG] SoundI::release                          :     Bushes_7 (0000000060C93148)
[LOG] SoundI::release                          :  (00000000604D9708)
[LOG] SoundI::release                          :     Bushes_2 (0000000060C0FE08)
[LOG] SoundI::release                          :  (00000000604D8CF8)
[LOG] SoundI::release                          :     Bushes_3 (0000000060C91C28)
[LOG] Thread::callback                         : FMOD Studio update thread finished.
[LOG] Thread::callback                         : FMOD Studio bank load thread finished.
[LOG] Profile::disconnectAll                   : Profiler disconnecting all clients
[LOG] Thread::callback                         : FMOD Studio sample load thread finished.
[LOG] LiveUpdate::release                      : 
[LOG] LiveUpdate::reset                        : Reset connection (reason Disconnected)
[LOG] Thread::callback                         : FMOD stream thread finished.
[LOG] Thread::callback                         : FMOD mixer thread finished.
[LOG] Profile::disconnectAll                   : Profiler disconnecting all clients
[LOG] SystemI::close                           : Closed.
